[    2784ms] [INFO] %cDownload the React DevTools for a better development experience: https://react.dev/link/react-devtools font-weight:bold @ http://localhost:4000/_next/static/chunks/node_modules_next_dist_115brz8._.js:2431
[    2912ms] [LOG] [HMR] connected @ http://localhost:4000/_next/static/chunks/node_modules_next_dist_115brz8._.js:2431
[    4736ms] [LOG] [Fast Refresh] rebuilding @ http://localhost:4000/_next/static/chunks/node_modules_next_dist_115brz8._.js:2431
[    4821ms] [LOG] [Fast Refresh] done in 198ms @ http://localhost:4000/_next/static/chunks/node_modules_next_dist_115brz8._.js:2431
[    4934ms] [LOG] [Fast Refresh] rebuilding @ http://localhost:4000/_next/static/chunks/node_modules_next_dist_115brz8._.js:2431
[    5057ms] [LOG] [Fast Refresh] done in 236ms @ http://localhost:4000/_next/static/chunks/node_modules_next_dist_115brz8._.js:2431
[    7304ms] [LOG] [Fast Refresh] rebuilding @ http://localhost:4000/_next/static/chunks/node_modules_next_dist_115brz8._.js:2431
[    7351ms] [LOG] [Fast Refresh] done in 157ms @ http://localhost:4000/_next/static/chunks/node_modules_next_dist_115brz8._.js:2431
[    7673ms] [LOG] [Fast Refresh] rebuilding @ http://localhost:4000/_next/static/chunks/node_modules_next_dist_115brz8._.js:2431
[    7795ms] [LOG] [Fast Refresh] done in 223ms @ http://localhost:4000/_next/static/chunks/node_modules_next_dist_115brz8._.js:2431
[    8327ms] [LOG] [Fast Refresh] rebuilding @ http://localhost:4000/_next/static/chunks/node_modules_next_dist_115brz8._.js:2431
[    8423ms] [LOG] [Fast Refresh] done in 198ms @ http://localhost:4000/_next/static/chunks/node_modules_next_dist_115brz8._.js:2431
[   10938ms] [LOG] [Fast Refresh] rebuilding @ http://localhost:4000/_next/static/chunks/node_modules_next_dist_115brz8._.js:2431
[   11058ms] [LOG] [Fast Refresh] done in 224ms @ http://localhost:4000/_next/static/chunks/node_modules_next_dist_115brz8._.js:2431
[   11374ms] [LOG] [Fast Refresh] rebuilding @ http://localhost:4000/_next/static/chunks/node_modules_next_dist_115brz8._.js:2431
[   11405ms] [LOG] [Fast Refresh] done in 135ms @ http://localhost:4000/_next/static/chunks/node_modules_next_dist_115brz8._.js:2431
[   11700ms] [LOG] [Fast Refresh] rebuilding @ http://localhost:4000/_next/static/chunks/node_modules_next_dist_115brz8._.js:2431
[   11752ms] [LOG] [Fast Refresh] done in 160ms @ http://localhost:4000/_next/static/chunks/node_modules_next_dist_115brz8._.js:2431
[   12201ms] [LOG] [Fast Refresh] rebuilding @ http://localhost:4000/_next/static/chunks/node_modules_next_dist_115brz8._.js:2431
[   12235ms] [LOG] [Fast Refresh] done in 147ms @ http://localhost:4000/_next/static/chunks/node_modules_next_dist_115brz8._.js:2431
[   12750ms] [LOG] [Fast Refresh] rebuilding @ http://localhost:4000/_next/static/chunks/node_modules_next_dist_115brz8._.js:2431
[   12805ms] [LOG] [Fast Refresh] done in 164ms @ http://localhost:4000/_next/static/chunks/node_modules_next_dist_115brz8._.js:2431
[   14884ms] [LOG] [Fast Refresh] rebuilding @ http://localhost:4000/_next/static/chunks/node_modules_next_dist_115brz8._.js:2431
[   14887ms] [LOG] [Fast Refresh] done in 116ms @ http://localhost:4000/_next/static/chunks/node_modules_next_dist_115brz8._.js:2431
[   15294ms] [LOG] [Fast Refresh] rebuilding @ http://localhost:4000/_next/static/chunks/node_modules_next_dist_115brz8._.js:2431
[   15375ms] [LOG] [Fast Refresh] done in 183ms @ http://localhost:4000/_next/static/chunks/node_modules_next_dist_115brz8._.js:2431
[   15754ms] [LOG] [Fast Refresh] rebuilding @ http://localhost:4000/_next/static/chunks/node_modules_next_dist_115brz8._.js:2431
[   15820ms] [LOG] [Fast Refresh] done in 177ms @ http://localhost:4000/_next/static/chunks/node_modules_next_dist_115brz8._.js:2431
[   16273ms] [LOG] [Fast Refresh] rebuilding @ http://localhost:4000/_next/static/chunks/node_modules_next_dist_115brz8._.js:2431
[   16445ms] [LOG] [Fast Refresh] done in 272ms @ http://localhost:4000/_next/static/chunks/node_modules_next_dist_115brz8._.js:2431
[   17196ms] [LOG] [Fast Refresh] rebuilding @ http://localhost:4000/_next/static/chunks/node_modules_next_dist_115brz8._.js:2431
[   17210ms] [LOG] [Fast Refresh] done in 120ms @ http://localhost:4000/_next/static/chunks/node_modules_next_dist_115brz8._.js:2431
[   17422ms] [LOG] [Fast Refresh] rebuilding @ http://localhost:4000/_next/static/chunks/node_modules_next_dist_115brz8._.js:2431
[   17431ms] [LOG] [Fast Refresh] done in 113ms @ http://localhost:4000/_next/static/chunks/node_modules_next_dist_115brz8._.js:2431
[   28018ms] [LOG] [Fast Refresh] rebuilding @ http://localhost:4000/_next/static/chunks/node_modules_next_dist_115brz8._.js:2431
[   29826ms] [LOG] [Fast Refresh] done in 1921ms @ http://localhost:4000/_next/static/chunks/node_modules_next_dist_115brz8._.js:2431
