[     391ms] [INFO] %cDownload the React DevTools for a better development experience: https://react.dev/link/react-devtools font-weight:bold @ http://localhost:4000/_next/static/chunks/node_modules_next_dist_115brz8._.js:2431
[     413ms] [LOG] [HMR] connected @ http://localhost:4000/_next/static/chunks/node_modules_next_dist_115brz8._.js:2431
[ 3951342ms] [LOG] [Fast Refresh] rebuilding @ http://localhost:4000/_next/static/chunks/node_modules_next_dist_115brz8._.js:2431
[ 3951353ms] [LOG] [Fast Refresh] done in 125ms @ http://localhost:4000/_next/static/chunks/node_modules_next_dist_115brz8._.js:2431
[ 3991587ms] [LOG] [Fast Refresh] rebuilding @ http://localhost:4000/_next/static/chunks/node_modules_next_dist_115brz8._.js:2431
[ 3992035ms] [LOG] [Fast Refresh] done in 561ms @ http://localhost:4000/_next/static/chunks/node_modules_next_dist_115brz8._.js:2431
[ 3992143ms] [LOG] [Fast Refresh] rebuilding @ http://localhost:4000/_next/static/chunks/node_modules_next_dist_115brz8._.js:2431
[ 3992516ms] [LOG] [Fast Refresh] done in 481ms @ http://localhost:4000/_next/static/chunks/node_modules_next_dist_115brz8._.js:2431
[ 4056532ms] [LOG] [Fast Refresh] rebuilding @ http://localhost:4000/_next/static/chunks/node_modules_next_dist_115brz8._.js:2431
[ 4059973ms] [LOG] [Fast Refresh] done in 3551ms @ http://localhost:4000/_next/static/chunks/node_modules_next_dist_115brz8._.js:2431
[ 4060388ms] [LOG] [Fast Refresh] rebuilding @ http://localhost:4000/_next/static/chunks/node_modules_next_dist_115brz8._.js:2431
[ 4060475ms] [LOG] [Fast Refresh] done in 196ms @ http://localhost:4000/_next/static/chunks/node_modules_next_dist_115brz8._.js:2431
[ 4060805ms] [LOG] [Fast Refresh] rebuilding @ http://localhost:4000/_next/static/chunks/node_modules_next_dist_115brz8._.js:2431
[ 4060836ms] [LOG] [Fast Refresh] done in 132ms @ http://localhost:4000/_next/static/chunks/node_modules_next_dist_115brz8._.js:2431
[ 4061148ms] [LOG] [Fast Refresh] rebuilding @ http://localhost:4000/_next/static/chunks/node_modules_next_dist_115brz8._.js:2431
[ 4061241ms] [LOG] [Fast Refresh] done in 201ms @ http://localhost:4000/_next/static/chunks/node_modules_next_dist_115brz8._.js:2431
[ 4061806ms] [LOG] [Fast Refresh] rebuilding @ http://localhost:4000/_next/static/chunks/node_modules_next_dist_115brz8._.js:2431
[ 4061854ms] [LOG] [Fast Refresh] done in 148ms @ http://localhost:4000/_next/static/chunks/node_modules_next_dist_115brz8._.js:2431
[ 4062315ms] [LOG] [Fast Refresh] rebuilding @ http://localhost:4000/_next/static/chunks/node_modules_next_dist_115brz8._.js:2431
[ 4062366ms] [LOG] [Fast Refresh] done in 152ms @ http://localhost:4000/_next/static/chunks/node_modules_next_dist_115brz8._.js:2431
[ 4063220ms] [LOG] [Fast Refresh] rebuilding @ http://localhost:4000/_next/static/chunks/node_modules_next_dist_115brz8._.js:2431
[ 4063227ms] [LOG] [Fast Refresh] done in 109ms @ http://localhost:4000/_next/static/chunks/node_modules_next_dist_115brz8._.js:2431
[ 4063839ms] [LOG] [Fast Refresh] rebuilding @ http://localhost:4000/_next/static/chunks/node_modules_next_dist_115brz8._.js:2431
[ 4063869ms] [LOG] [Fast Refresh] done in 142ms @ http://localhost:4000/_next/static/chunks/node_modules_next_dist_115brz8._.js:2431
[ 4065170ms] [LOG] [Fast Refresh] rebuilding @ http://localhost:4000/_next/static/chunks/node_modules_next_dist_115brz8._.js:2431
[ 4065230ms] [LOG] [Fast Refresh] done in 171ms @ http://localhost:4000/_next/static/chunks/node_modules_next_dist_115brz8._.js:2431
[ 4066171ms] [LOG] [Fast Refresh] rebuilding @ http://localhost:4000/_next/static/chunks/node_modules_next_dist_115brz8._.js:2431
[ 4066221ms] [LOG] [Fast Refresh] done in 152ms @ http://localhost:4000/_next/static/chunks/node_modules_next_dist_115brz8._.js:2431
[ 4066501ms] [LOG] [Fast Refresh] rebuilding @ http://localhost:4000/_next/static/chunks/node_modules_next_dist_115brz8._.js:2431
[ 4066569ms] [LOG] [Fast Refresh] done in 174ms @ http://localhost:4000/_next/static/chunks/node_modules_next_dist_115brz8._.js:2431
[ 4067390ms] [LOG] [Fast Refresh] rebuilding @ http://localhost:4000/_next/static/chunks/node_modules_next_dist_115brz8._.js:2431
[ 4067410ms] [LOG] [Fast Refresh] done in 129ms @ http://localhost:4000/_next/static/chunks/node_modules_next_dist_115brz8._.js:2431
[ 4068802ms] [LOG] [Fast Refresh] rebuilding @ http://localhost:4000/_next/static/chunks/node_modules_next_dist_115brz8._.js:2431
[ 4068818ms] [LOG] [Fast Refresh] done in 122ms @ http://localhost:4000/_next/static/chunks/node_modules_next_dist_115brz8._.js:2431
[ 4069128ms] [LOG] [Fast Refresh] rebuilding @ http://localhost:4000/_next/static/chunks/node_modules_next_dist_115brz8._.js:2431
[ 4069132ms] [LOG] [Fast Refresh] done in 106ms @ http://localhost:4000/_next/static/chunks/node_modules_next_dist_115brz8._.js:2431
[ 4069801ms] [LOG] [Fast Refresh] rebuilding @ http://localhost:4000/_next/static/chunks/node_modules_next_dist_115brz8._.js:2431
[ 4069830ms] [LOG] [Fast Refresh] done in 140ms @ http://localhost:4000/_next/static/chunks/node_modules_next_dist_115brz8._.js:2431
[ 4070113ms] [LOG] [Fast Refresh] rebuilding @ http://localhost:4000/_next/static/chunks/node_modules_next_dist_115brz8._.js:2431
[ 4070117ms] [LOG] [Fast Refresh] done in 106ms @ http://localhost:4000/_next/static/chunks/node_modules_next_dist_115brz8._.js:2431
[ 4070481ms] [LOG] [Fast Refresh] rebuilding @ http://localhost:4000/_next/static/chunks/node_modules_next_dist_115brz8._.js:2431
[ 4070484ms] [LOG] [Fast Refresh] done in 105ms @ http://localhost:4000/_next/static/chunks/node_modules_next_dist_115brz8._.js:2431
[ 4070639ms] [LOG] [Fast Refresh] rebuilding @ http://localhost:4000/_next/static/chunks/node_modules_next_dist_115brz8._.js:2431
[ 4070664ms] [LOG] [Fast Refresh] done in 127ms @ http://localhost:4000/_next/static/chunks/node_modules_next_dist_115brz8._.js:2431
[ 4071936ms] [LOG] [Fast Refresh] rebuilding @ http://localhost:4000/_next/static/chunks/node_modules_next_dist_115brz8._.js:2431
[ 4071950ms] [LOG] [Fast Refresh] done in 121ms @ http://localhost:4000/_next/static/chunks/node_modules_next_dist_115brz8._.js:2431
[ 4072927ms] [LOG] [Fast Refresh] rebuilding @ http://localhost:4000/_next/static/chunks/node_modules_next_dist_115brz8._.js:2431
[ 4072946ms] [LOG] [Fast Refresh] done in 127ms @ http://localhost:4000/_next/static/chunks/node_modules_next_dist_115brz8._.js:2431
[ 4074129ms] [LOG] [Fast Refresh] rebuilding @ http://localhost:4000/_next/static/chunks/node_modules_next_dist_115brz8._.js:2431
[ 4074132ms] [LOG] [Fast Refresh] done in 106ms @ http://localhost:4000/_next/static/chunks/node_modules_next_dist_115brz8._.js:2431
[ 4074336ms] [LOG] [Fast Refresh] rebuilding @ http://localhost:4000/_next/static/chunks/node_modules_next_dist_115brz8._.js:2431
[ 4074416ms] [LOG] [Fast Refresh] done in 183ms @ http://localhost:4000/_next/static/chunks/node_modules_next_dist_115brz8._.js:2431
[ 4074796ms] [LOG] [Fast Refresh] rebuilding @ http://localhost:4000/_next/static/chunks/node_modules_next_dist_115brz8._.js:2431
[ 4074815ms] [LOG] [Fast Refresh] done in 120ms @ http://localhost:4000/_next/static/chunks/node_modules_next_dist_115brz8._.js:2431
[ 4075401ms] [LOG] [Fast Refresh] rebuilding @ http://localhost:4000/_next/static/chunks/node_modules_next_dist_115brz8._.js:2431
[ 4075442ms] [LOG] [Fast Refresh] done in 152ms @ http://localhost:4000/_next/static/chunks/node_modules_next_dist_115brz8._.js:2431
[ 4076622ms] [LOG] [Fast Refresh] rebuilding @ http://localhost:4000/_next/static/chunks/node_modules_next_dist_115brz8._.js:2431
[ 4076660ms] [LOG] [Fast Refresh] done in 142ms @ http://localhost:4000/_next/static/chunks/node_modules_next_dist_115brz8._.js:2431
[ 4076816ms] [LOG] [Fast Refresh] rebuilding @ http://localhost:4000/_next/static/chunks/node_modules_next_dist_115brz8._.js:2431
[ 4076863ms] [LOG] [Fast Refresh] done in 148ms @ http://localhost:4000/_next/static/chunks/node_modules_next_dist_115brz8._.js:2431
[ 4076969ms] [LOG] [Fast Refresh] rebuilding @ http://localhost:4000/_next/static/chunks/node_modules_next_dist_115brz8._.js:2431
[ 4076990ms] [LOG] [Fast Refresh] done in 126ms @ http://localhost:4000/_next/static/chunks/node_modules_next_dist_115brz8._.js:2431
[ 4077260ms] [LOG] [Fast Refresh] rebuilding @ http://localhost:4000/_next/static/chunks/node_modules_next_dist_115brz8._.js:2431
[ 4077304ms] [LOG] [Fast Refresh] done in 148ms @ http://localhost:4000/_next/static/chunks/node_modules_next_dist_115brz8._.js:2431
[ 4077811ms] [LOG] [Fast Refresh] rebuilding @ http://localhost:4000/_next/static/chunks/node_modules_next_dist_115brz8._.js:2431
[ 4077825ms] [LOG] [Fast Refresh] done in 118ms @ http://localhost:4000/_next/static/chunks/node_modules_next_dist_115brz8._.js:2431
[ 4078828ms] [LOG] [Fast Refresh] rebuilding @ http://localhost:4000/_next/static/chunks/node_modules_next_dist_115brz8._.js:2431
[ 4078869ms] [LOG] [Fast Refresh] done in 148ms @ http://localhost:4000/_next/static/chunks/node_modules_next_dist_115brz8._.js:2431
[ 4080329ms] [LOG] [Fast Refresh] rebuilding @ http://localhost:4000/_next/static/chunks/node_modules_next_dist_115brz8._.js:2431
[ 4080341ms] [LOG] [Fast Refresh] done in 113ms @ http://localhost:4000/_next/static/chunks/node_modules_next_dist_115brz8._.js:2431
[ 4080830ms] [LOG] [Fast Refresh] rebuilding @ http://localhost:4000/_next/static/chunks/node_modules_next_dist_115brz8._.js:2431
[ 4080901ms] [LOG] [Fast Refresh] done in 175ms @ http://localhost:4000/_next/static/chunks/node_modules_next_dist_115brz8._.js:2431
[ 4081556ms] [LOG] [Fast Refresh] rebuilding @ http://localhost:4000/_next/static/chunks/node_modules_next_dist_115brz8._.js:2431
[ 4081573ms] [LOG] [Fast Refresh] done in 121ms @ http://localhost:4000/_next/static/chunks/node_modules_next_dist_115brz8._.js:2431
[ 4082201ms] [LOG] [Fast Refresh] rebuilding @ http://localhost:4000/_next/static/chunks/node_modules_next_dist_115brz8._.js:2431
[ 4082252ms] [LOG] [Fast Refresh] done in 152ms @ http://localhost:4000/_next/static/chunks/node_modules_next_dist_115brz8._.js:2431
[ 4082648ms] [LOG] [Fast Refresh] rebuilding @ http://localhost:4000/_next/static/chunks/node_modules_next_dist_115brz8._.js:2431
[ 4082785ms] [LOG] [Fast Refresh] done in 239ms @ http://localhost:4000/_next/static/chunks/node_modules_next_dist_115brz8._.js:2431
[ 4082886ms] [LOG] [Fast Refresh] rebuilding @ http://localhost:4000/_next/static/chunks/node_modules_next_dist_115brz8._.js:2431
[ 4082898ms] [LOG] [Fast Refresh] done in 113ms @ http://localhost:4000/_next/static/chunks/node_modules_next_dist_115brz8._.js:2431
[ 4083314ms] [LOG] [Fast Refresh] rebuilding @ http://localhost:4000/_next/static/chunks/node_modules_next_dist_115brz8._.js:2431
[ 4083350ms] [LOG] [Fast Refresh] done in 144ms @ http://localhost:4000/_next/static/chunks/node_modules_next_dist_115brz8._.js:2431
[ 4083777ms] [LOG] [Fast Refresh] rebuilding @ http://localhost:4000/_next/static/chunks/node_modules_next_dist_115brz8._.js:2431
[ 4083777ms] [LOG] [Fast Refresh] done in 109ms @ http://localhost:4000/_next/static/chunks/node_modules_next_dist_115brz8._.js:2431
[ 4093768ms] [LOG] [Fast Refresh] rebuilding @ http://localhost:4000/_next/static/chunks/node_modules_next_dist_115brz8._.js:2431
[ 4093821ms] [LOG] [Fast Refresh] done in 162ms @ http://localhost:4000/_next/static/chunks/node_modules_next_dist_115brz8._.js:2431
[ 4093975ms] [LOG] [Fast Refresh] rebuilding @ http://localhost:4000/_next/static/chunks/node_modules_next_dist_115brz8._.js:2431
[ 4093998ms] [LOG] [Fast Refresh] done in 124ms @ http://localhost:4000/_next/static/chunks/node_modules_next_dist_115brz8._.js:2431
[ 4097823ms] [LOG] [Fast Refresh] rebuilding @ http://localhost:4000/_next/static/chunks/node_modules_next_dist_115brz8._.js:2431
[ 4097934ms] [LOG] [Fast Refresh] done in 219ms @ http://localhost:4000/_next/static/chunks/node_modules_next_dist_115brz8._.js:2431
[ 4098072ms] [VERBOSE] [DOM] Input elements should have autocomplete attributes (suggested: "current-password"): (More info: https://goo.gl/9p2vKq) %o @ http://localhost:4000/auth/signin:0
[ 4132410ms] [LOG] [Fast Refresh] rebuilding @ http://localhost:4000/_next/static/chunks/node_modules_next_dist_115brz8._.js:2431
[ 4132507ms] [LOG] [Fast Refresh] done in 168ms @ http://localhost:4000/_next/static/chunks/node_modules_next_dist_115brz8._.js:2431
[ 4133250ms] [INFO] %cDownload the React DevTools for a better development experience: https://react.dev/link/react-devtools font-weight:bold @ http://localhost:4000/_next/static/chunks/node_modules_next_dist_115brz8._.js:2431
[ 4133275ms] [LOG] [HMR] connected @ http://localhost:4000/_next/static/chunks/node_modules_next_dist_115brz8._.js:2431
[ 4137638ms] [LOG] [Fast Refresh] rebuilding @ http://localhost:4000/_next/static/chunks/node_modules_next_dist_115brz8._.js:2431
[ 4137765ms] [LOG] [Fast Refresh] done in 91ms @ http://localhost:4000/_next/static/chunks/node_modules_next_dist_115brz8._.js:2431
[ 4137917ms] [LOG] [Fast Refresh] rebuilding @ http://localhost:4000/_next/static/chunks/node_modules_next_dist_115brz8._.js:2431
[ 4138049ms] [LOG] [Fast Refresh] done in 243ms @ http://localhost:4000/_next/static/chunks/node_modules_next_dist_115brz8._.js:2431
[ 4138189ms] [LOG] [Fast Refresh] rebuilding @ http://localhost:4000/_next/static/chunks/node_modules_next_dist_115brz8._.js:2431
[ 4138577ms] [LOG] [Fast Refresh] done in 498ms @ http://localhost:4000/_next/static/chunks/node_modules_next_dist_115brz8._.js:2431
[ 4138723ms] [LOG] [Fast Refresh] rebuilding @ http://localhost:4000/_next/static/chunks/node_modules_next_dist_115brz8._.js:2431
[ 4138877ms] [LOG] [Fast Refresh] done in 261ms @ http://localhost:4000/_next/static/chunks/node_modules_next_dist_115brz8._.js:2431
[ 4139484ms] [LOG] [Fast Refresh] rebuilding @ http://localhost:4000/_next/static/chunks/node_modules_next_dist_115brz8._.js:2431
[ 4139878ms] [LOG] [Fast Refresh] done in 495ms @ http://localhost:4000/_next/static/chunks/node_modules_next_dist_115brz8._.js:2431
[ 4140443ms] [LOG] [Fast Refresh] rebuilding @ http://localhost:4000/_next/static/chunks/node_modules_next_dist_115brz8._.js:2431
[ 4140478ms] [LOG] [Fast Refresh] done in 150ms @ http://localhost:4000/_next/static/chunks/node_modules_next_dist_115brz8._.js:2431
[ 4140582ms] [LOG] [Fast Refresh] rebuilding @ http://localhost:4000/_next/static/chunks/node_modules_next_dist_115brz8._.js:2431
[ 4140670ms] [LOG] [Fast Refresh] done in 191ms @ http://localhost:4000/_next/static/chunks/node_modules_next_dist_115brz8._.js:2431
[ 4140810ms] [LOG] [Fast Refresh] rebuilding @ http://localhost:4000/_next/static/chunks/node_modules_next_dist_115brz8._.js:2431
[ 4140936ms] [LOG] [Fast Refresh] done in 232ms @ http://localhost:4000/_next/static/chunks/node_modules_next_dist_115brz8._.js:2431
[ 4141763ms] [LOG] [Fast Refresh] rebuilding @ http://localhost:4000/_next/static/chunks/node_modules_next_dist_115brz8._.js:2431
[ 4141864ms] [LOG] [Fast Refresh] done in 203ms @ http://localhost:4000/_next/static/chunks/node_modules_next_dist_115brz8._.js:2431
[ 4144054ms] [LOG] [Fast Refresh] rebuilding @ http://localhost:4000/_next/static/chunks/node_modules_next_dist_115brz8._.js:2431
[ 4144123ms] [LOG] [Fast Refresh] done in 169ms @ http://localhost:4000/_next/static/chunks/node_modules_next_dist_115brz8._.js:2431
[ 4154169ms] [LOG] [Fast Refresh] rebuilding @ http://localhost:4000/_next/static/chunks/node_modules_next_dist_115brz8._.js:2431
[ 4154220ms] [LOG] [Fast Refresh] done in 80ms @ http://localhost:4000/_next/static/chunks/node_modules_next_dist_115brz8._.js:2431
[ 4162404ms] [LOG] [Fast Refresh] rebuilding @ http://localhost:4000/_next/static/chunks/node_modules_next_dist_115brz8._.js:2431
[ 4162417ms] [LOG] [Fast Refresh] done in 35ms @ http://localhost:4000/_next/static/chunks/node_modules_next_dist_115brz8._.js:2431
[ 4162605ms] [LOG] [Fast Refresh] rebuilding @ http://localhost:4000/_next/static/chunks/node_modules_next_dist_115brz8._.js:2431
[ 4162823ms] [LOG] [Fast Refresh] done in 318ms @ http://localhost:4000/_next/static/chunks/node_modules_next_dist_115brz8._.js:2431
[ 4170061ms] [LOG] [Fast Refresh] rebuilding @ http://localhost:4000/_next/static/chunks/node_modules_next_dist_115brz8._.js:2431
[ 4170153ms] [LOG] [Fast Refresh] done in 199ms @ http://localhost:4000/_next/static/chunks/node_modules_next_dist_115brz8._.js:2431
[ 4173641ms] [LOG] [Fast Refresh] rebuilding @ http://localhost:4000/_next/static/chunks/node_modules_next_dist_115brz8._.js:2431
[ 4173727ms] [LOG] [Fast Refresh] done in 42ms @ http://localhost:4000/_next/static/chunks/node_modules_next_dist_115brz8._.js:2431
[ 4173858ms] [LOG] [Fast Refresh] rebuilding @ http://localhost:4000/_next/static/chunks/node_modules_next_dist_115brz8._.js:2431
[ 4174582ms] [LOG] [Fast Refresh] done in 824ms @ http://localhost:4000/_next/static/chunks/node_modules_next_dist_115brz8._.js:2431
[ 4181389ms] [LOG] [Fast Refresh] rebuilding @ http://localhost:4000/_next/static/chunks/node_modules_next_dist_115brz8._.js:2431
[ 4181452ms] [LOG] [Fast Refresh] done in 68ms @ http://localhost:4000/_next/static/chunks/node_modules_next_dist_115brz8._.js:2431
[ 4197353ms] [LOG] [Fast Refresh] rebuilding @ http://localhost:4000/_next/static/chunks/node_modules_next_dist_115brz8._.js:2431
[ 4197546ms] [LOG] [Fast Refresh] done in 230ms @ http://localhost:4000/_next/static/chunks/node_modules_next_dist_115brz8._.js:2431
[ 4197665ms] [LOG] [Fast Refresh] rebuilding @ http://localhost:4000/_next/static/chunks/node_modules_next_dist_115brz8._.js:2431
[ 4197810ms] [LOG] [Fast Refresh] done in 253ms @ http://localhost:4000/_next/static/chunks/node_modules_next_dist_115brz8._.js:2431
[ 4197967ms] [LOG] [Fast Refresh] rebuilding @ http://localhost:4000/_next/static/chunks/node_modules_next_dist_115brz8._.js:2431
[ 4197994ms] [LOG] [Fast Refresh] done in 127ms @ http://localhost:4000/_next/static/chunks/node_modules_next_dist_115brz8._.js:2431
[ 4198173ms] [LOG] [Fast Refresh] rebuilding @ http://localhost:4000/_next/static/chunks/node_modules_next_dist_115brz8._.js:2431
[ 4198216ms] [LOG] [Fast Refresh] done in 153ms @ http://localhost:4000/_next/static/chunks/node_modules_next_dist_115brz8._.js:2431
[ 4198372ms] [LOG] [Fast Refresh] rebuilding @ http://localhost:4000/_next/static/chunks/node_modules_next_dist_115brz8._.js:2431
[ 4198378ms] [LOG] [Fast Refresh] done in 114ms @ http://localhost:4000/_next/static/chunks/node_modules_next_dist_115brz8._.js:2431
[ 4198834ms] [LOG] [Fast Refresh] rebuilding @ http://localhost:4000/_next/static/chunks/node_modules_next_dist_115brz8._.js:2431
[ 4198871ms] [LOG] [Fast Refresh] done in 139ms @ http://localhost:4000/_next/static/chunks/node_modules_next_dist_115brz8._.js:2431
[ 4221116ms] [LOG] [Fast Refresh] rebuilding @ http://localhost:4000/_next/static/chunks/node_modules_next_dist_115brz8._.js:2431
[ 4221327ms] [LOG] [Fast Refresh] done in 283ms @ http://localhost:4000/_next/static/chunks/node_modules_next_dist_115brz8._.js:2431
[ 4221613ms] [LOG] [Fast Refresh] rebuilding @ http://localhost:4000/_next/static/chunks/node_modules_next_dist_115brz8._.js:2431
[ 4221782ms] [LOG] [Fast Refresh] done in 275ms @ http://localhost:4000/_next/static/chunks/node_modules_next_dist_115brz8._.js:2431
[ 4222103ms] [LOG] [Fast Refresh] rebuilding @ http://localhost:4000/_next/static/chunks/node_modules_next_dist_115brz8._.js:2431
[ 4222777ms] [LOG] [Fast Refresh] done in 781ms @ http://localhost:4000/_next/static/chunks/node_modules_next_dist_115brz8._.js:2431
[ 4223372ms] [LOG] [Fast Refresh] rebuilding @ http://localhost:4000/_next/static/chunks/node_modules_next_dist_115brz8._.js:2431
[ 4223396ms] [LOG] [Fast Refresh] done in 128ms @ http://localhost:4000/_next/static/chunks/node_modules_next_dist_115brz8._.js:2431
[ 4226127ms] [LOG] [Fast Refresh] rebuilding @ http://localhost:4000/_next/static/chunks/node_modules_next_dist_115brz8._.js:2431
[ 4226228ms] [LOG] [Fast Refresh] done in 65ms @ http://localhost:4000/_next/static/chunks/node_modules_next_dist_115brz8._.js:2431
[ 4226345ms] [LOG] [Fast Refresh] rebuilding @ http://localhost:4000/_next/static/chunks/node_modules_next_dist_115brz8._.js:2431
[ 4226984ms] [LOG] [Fast Refresh] done in 742ms @ http://localhost:4000/_next/static/chunks/node_modules_next_dist_115brz8._.js:2431
[ 4227303ms] [LOG] [Fast Refresh] rebuilding @ http://localhost:4000/_next/static/chunks/node_modules_next_dist_115brz8._.js:2431
[ 4227319ms] [LOG] [Fast Refresh] done in 118ms @ http://localhost:4000/_next/static/chunks/node_modules_next_dist_115brz8._.js:2431
[ 4235754ms] [LOG] [Fast Refresh] rebuilding @ http://localhost:4000/_next/static/chunks/node_modules_next_dist_115brz8._.js:2431
[ 4236154ms] [LOG] [Fast Refresh] done in 214ms @ http://localhost:4000/_next/static/chunks/node_modules_next_dist_115brz8._.js:2431
[ 4236398ms] [LOG] [Fast Refresh] rebuilding @ http://localhost:4000/_next/static/chunks/node_modules_next_dist_115brz8._.js:2431
[ 4236739ms] [LOG] [Fast Refresh] done in 443ms @ http://localhost:4000/_next/static/chunks/node_modules_next_dist_115brz8._.js:2431
[ 4237001ms] [LOG] [Fast Refresh] rebuilding @ http://localhost:4000/_next/static/chunks/node_modules_next_dist_115brz8._.js:2431
[ 4237035ms] [LOG] [Fast Refresh] done in 140ms @ http://localhost:4000/_next/static/chunks/node_modules_next_dist_115brz8._.js:2431
[ 4237140ms] [LOG] [Fast Refresh] rebuilding @ http://localhost:4000/_next/static/chunks/node_modules_next_dist_115brz8._.js:2431
[ 4237170ms] [LOG] [Fast Refresh] done in 135ms @ http://localhost:4000/_next/static/chunks/node_modules_next_dist_115brz8._.js:2431
[ 4237272ms] [LOG] [Fast Refresh] rebuilding @ http://localhost:4000/_next/static/chunks/node_modules_next_dist_115brz8._.js:2431
[ 4237303ms] [LOG] [Fast Refresh] done in 131ms @ http://localhost:4000/_next/static/chunks/node_modules_next_dist_115brz8._.js:2431
[ 4237675ms] [LOG] [Fast Refresh] rebuilding @ http://localhost:4000/_next/static/chunks/node_modules_next_dist_115brz8._.js:2431
[ 4237700ms] [LOG] [Fast Refresh] done in 126ms @ http://localhost:4000/_next/static/chunks/node_modules_next_dist_115brz8._.js:2431
[ 4240008ms] [LOG] [Fast Refresh] rebuilding @ http://localhost:4000/_next/static/chunks/node_modules_next_dist_115brz8._.js:2431
[ 4240116ms] [LOG] [Fast Refresh] done in 72ms @ http://localhost:4000/_next/static/chunks/node_modules_next_dist_115brz8._.js:2431
[ 4240244ms] [LOG] [Fast Refresh] rebuilding @ http://localhost:4000/_next/static/chunks/node_modules_next_dist_115brz8._.js:2431
[ 4240773ms] [LOG] [Fast Refresh] done in 631ms @ http://localhost:4000/_next/static/chunks/node_modules_next_dist_115brz8._.js:2431
[ 4241044ms] [LOG] [Fast Refresh] rebuilding @ http://localhost:4000/_next/static/chunks/node_modules_next_dist_115brz8._.js:2431
[ 4241050ms] [LOG] [Fast Refresh] done in 116ms @ http://localhost:4000/_next/static/chunks/node_modules_next_dist_115brz8._.js:2431
[ 4244958ms] [LOG] [Fast Refresh] rebuilding @ http://localhost:4000/_next/static/chunks/node_modules_next_dist_115brz8._.js:2431
[ 4245140ms] [LOG] [Fast Refresh] done in 226ms @ http://localhost:4000/_next/static/chunks/node_modules_next_dist_115brz8._.js:2431
[ 4245252ms] [LOG] [Fast Refresh] rebuilding @ http://localhost:4000/_next/static/chunks/node_modules_next_dist_115brz8._.js:2431
[ 4245449ms] [LOG] [Fast Refresh] done in 308ms @ http://localhost:4000/_next/static/chunks/node_modules_next_dist_115brz8._.js:2431
[ 4245718ms] [LOG] [Fast Refresh] rebuilding @ http://localhost:4000/_next/static/chunks/node_modules_next_dist_115brz8._.js:2431
[ 4245760ms] [LOG] [Fast Refresh] done in 147ms @ http://localhost:4000/_next/static/chunks/node_modules_next_dist_115brz8._.js:2431
[ 4245866ms] [LOG] [Fast Refresh] rebuilding @ http://localhost:4000/_next/static/chunks/node_modules_next_dist_115brz8._.js:2431
[ 4246100ms] [LOG] [Fast Refresh] done in 338ms @ http://localhost:4000/_next/static/chunks/node_modules_next_dist_115brz8._.js:2431
[ 4247007ms] [LOG] [Fast Refresh] rebuilding @ http://localhost:4000/_next/static/chunks/node_modules_next_dist_115brz8._.js:2431
[ 4247057ms] [LOG] [Fast Refresh] done in 150ms @ http://localhost:4000/_next/static/chunks/node_modules_next_dist_115brz8._.js:2431
[ 4247487ms] [LOG] [Fast Refresh] rebuilding @ http://localhost:4000/_next/static/chunks/node_modules_next_dist_115brz8._.js:2431
[ 4247645ms] [LOG] [Fast Refresh] done in 268ms @ http://localhost:4000/_next/static/chunks/node_modules_next_dist_115brz8._.js:2431
[ 4251226ms] [LOG] [Fast Refresh] rebuilding @ http://localhost:4000/_next/static/chunks/node_modules_next_dist_115brz8._.js:2431
[ 4251343ms] [LOG] [Fast Refresh] done in 198ms @ http://localhost:4000/_next/static/chunks/node_modules_next_dist_115brz8._.js:2431
[ 4251558ms] [LOG] [Fast Refresh] rebuilding @ http://localhost:4000/_next/static/chunks/node_modules_next_dist_115brz8._.js:2431
[ 4252097ms] [LOG] [Fast Refresh] done in 642ms @ http://localhost:4000/_next/static/chunks/node_modules_next_dist_115brz8._.js:2431
[ 4253249ms] [LOG] [Fast Refresh] rebuilding @ http://localhost:4000/_next/static/chunks/node_modules_next_dist_115brz8._.js:2431
[ 4253309ms] [LOG] [Fast Refresh] done in 163ms @ http://localhost:4000/_next/static/chunks/node_modules_next_dist_115brz8._.js:2431
[ 4257637ms] [LOG] [Fast Refresh] rebuilding @ http://localhost:4000/_next/static/chunks/node_modules_next_dist_115brz8._.js:2431
[ 4257904ms] [LOG] [Fast Refresh] done in 348ms @ http://localhost:4000/_next/static/chunks/node_modules_next_dist_115brz8._.js:2431
[ 4258224ms] [LOG] [Fast Refresh] rebuilding @ http://localhost:4000/_next/static/chunks/node_modules_next_dist_115brz8._.js:2431
[ 4258505ms] [LOG] [Fast Refresh] done in 396ms @ http://localhost:4000/_next/static/chunks/node_modules_next_dist_115brz8._.js:2431
[ 4260413ms] [LOG] [Fast Refresh] rebuilding @ http://localhost:4000/_next/static/chunks/node_modules_next_dist_115brz8._.js:2431
[ 4260501ms] [LOG] [Fast Refresh] done in 190ms @ http://localhost:4000/_next/static/chunks/node_modules_next_dist_115brz8._.js:2431
[ 4304230ms] [LOG] [Fast Refresh] rebuilding @ http://localhost:4000/_next/static/chunks/node_modules_next_dist_115brz8._.js:2431
[ 4304461ms] [LOG] [Fast Refresh] done in 236ms @ http://localhost:4000/_next/static/chunks/node_modules_next_dist_115brz8._.js:2431
[ 4304564ms] [LOG] [Fast Refresh] rebuilding @ http://localhost:4000/_next/static/chunks/node_modules_next_dist_115brz8._.js:2431
[ 4304797ms] [LOG] [Fast Refresh] done in 335ms @ http://localhost:4000/_next/static/chunks/node_modules_next_dist_115brz8._.js:2431
[ 4305107ms] [LOG] [Fast Refresh] rebuilding @ http://localhost:4000/_next/static/chunks/node_modules_next_dist_115brz8._.js:2431
[ 4305188ms] [LOG] [Fast Refresh] done in 183ms @ http://localhost:4000/_next/static/chunks/node_modules_next_dist_115brz8._.js:2431
[ 4305351ms] [LOG] [Fast Refresh] rebuilding @ http://localhost:4000/_next/static/chunks/node_modules_next_dist_115brz8._.js:2431
[ 4305358ms] [LOG] [Fast Refresh] done in 114ms @ http://localhost:4000/_next/static/chunks/node_modules_next_dist_115brz8._.js:2431
